# JRE version: Java(TM) SE Runtime Environment (11.0.1+13) (build 11.0.1+13-LTS)
# Java VM: Java HotSpot(TM) 64-Bit Server VM (11.0.1+13-LTS, mixed mode, tiered, compressed oops, g1 gc, windows-amd64)
Heap:
 garbage-first heap   total 537600K, used 532376K [0x00000000a0000000, 0x0000000100000000)
  region size 1024K, 149 young (152576K), 2 survivors (2048K)
 Metaspace       used 94475K, capacity 96614K, committed 97152K, reserved 1134592K
  class space    used 11308K, capacity 12043K, committed 12160K, reserved 1048576K
GC Heap History (10 events):
Event: 6389.195 GC heap before
{Heap before GC invocations=64 (full 0):
 garbage-first heap   total 482304K, used 275275K [0x00000000a0000000, 0x0000000100000000)
  region size 1024K, 204 young (208896K), 2 survivors (2048K)
 Metaspace       used 92912K, capacity 95140K, committed 95488K, reserved 1132544K
  class space    used 11190K, capacity 11937K, committed 12032K, reserved 1048576K
}
Event: 6389.205 GC heap after
{Heap after GC invocations=65 (full 0):
 garbage-first heap   total 482304K, used 70551K [0x00000000a0000000, 0x0000000100000000)
  region size 1024K, 3 young (3072K), 3 survivors (3072K)
 Metaspace       used 92912K, capacity 95140K, committed 95488K, reserved 1132544K
  class space    used 11190K, capacity 11937K, committed 12032K, reserved 1048576K
}
Event: 6390.381 GC heap before
{Heap before GC invocations=66 (full 0):
 garbage-first heap   total 482304K, used 128919K [0x00000000a0000000, 0x0000000100000000)
  region size 1024K, 54 young (55296K), 3 survivors (3072K)
 Metaspace       used 93767K, capacity 96004K, committed 96128K, reserved 1132544K
  class space    used 11299K, capacity 12049K, committed 12160K, reserved 1048576K
}
Event: 6390.488 GC heap after
{Heap after GC invocations=67 (full 0):
 garbage-first heap   total 482304K, used 91003K [0x00000000a0000000, 0x0000000100000000)
  region size 1024K, 21 young (21504K), 21 survivors (21504K)
 Metaspace       used 93767K, capacity 96004K, committed 96128K, reserved 1132544K
  class space    used 11299K, capacity 12049K, committed 12160K, reserved 1048576K
}
Event: 6390.974 GC heap before
{Heap before GC invocations=68 (full 0):
 garbage-first heap   total 482304K, used 112507K [0x00000000a0000000, 0x0000000100000000)
  region size 1024K, 43 young (44032K), 21 survivors (21504K)
 Metaspace       used 93797K, capacity 96072K, committed 96384K, reserved 1134592K
  class space    used 11299K, capacity 12049K, committed 12160K, reserved 1048576K
}
Event: 6391.014 GC heap after
{Heap after GC invocations=69 (full 0):
 garbage-first heap   total 482304K, used 96243K [0x00000000a0000000, 0x0000000100000000)
  region size 1024K, 5 young (5120K), 5 survivors (5120K)
 Metaspace       used 93797K, capacity 96072K, committed 96384K, reserved 1134592K
  class space    used 11299K, capacity 12049K, committed 12160K, reserved 1048576K
}
Event: 6391.433 GC heap before
{Heap before GC invocations=70 (full 0):
 garbage-first heap   total 482304K, used 107507K [0x00000000a0000000, 0x0000000100000000)
  region size 1024K, 14 young (14336K), 5 survivors (5120K)
 Metaspace       used 93877K, capacity 96145K, committed 96384K, reserved 1134592K
  class space    used 11299K, capacity 12049K, committed 12160K, reserved 1048576K
}
Event: 6391.440 GC heap after
{Heap after GC invocations=71 (full 0):
 garbage-first heap   total 482304K, used 98093K [0x00000000a0000000, 0x0000000100000000)
  region size 1024K, 4 young (4096K), 4 survivors (4096K)
 Metaspace       used 93877K, capacity 96145K, committed 96384K, reserved 1134592K
  class space    used 11299K, capacity 12049K, committed 12160K, reserved 1048576K
}
Event: 6392.120 GC heap before
{Heap before GC invocations=72 (full 0):
 garbage-first heap   total 482304K, used 120621K [0x00000000a0000000, 0x0000000100000000)
  region size 1024K, 25 young (25600K), 4 survivors (4096K)
 Metaspace       used 93716K, capacity 95814K, committed 96384K, reserved 1134592K
  class space    used 11233K, capacity 11932K, committed 12160K, reserved 1048576K
}
Event: 6392.128 GC heap after
{Heap after GC invocations=73 (full 0):
 garbage-first heap   total 482304K, used 93067K [0x00000000a0000000, 0x0000000100000000)
  region size 1024K, 2 young (2048K), 2 survivors (2048K)
 Metaspace       used 93716K, capacity 95814K, committed 96384K, reserved 1134592K
  class space    used 11233K, capacity 11932K, committed 12160K, reserved 1048576K
}

